<?xml version="1.0" encoding="UTF-8"?>
<!-- Generated by org.testng.reporters.JUnitReportReporter -->
<testsuite hostname="DESKTOP-RTA32T3" failures="0" tests="1" name="Login_TestCase" time="3.906" errors="0" timestamp="2023-10-04T12:09:20 EET" skipped="0">
  <testcase classname="Login_TestCase" name="mytest" time="3.906"/>
  <system-out/>
</testsuite> <!-- Login_TestCase -->
