<?xml version="1.0" encoding="UTF-8"?>
<!-- Generated by org.testng.reporters.JUnitReportReporter -->
<testsuite hostname="DESKTOP-RTA32T3" failures="0" tests="1" name="SignUpTest_Cases" time="7.331" errors="0" timestamp="2023-10-04T12:08:34 EET" skipped="0">
  <testcase classname="SignUpTest_Cases" name="mytest" time="7.331"/>
  <system-out/>
</testsuite> <!-- SignUpTest_Cases -->
